<?xml version="1.0" encoding="UTF-8"?>
<!-- Generated by org.testng.reporters.JUnitReportReporter -->
<testsuite hostname="Ved" failures="0" tests="10" name="telecomProject.Telecom" time="16.364" errors="0" timestamp="2025-03-06T16:47:38 IST" skipped="0">
  <testcase classname="telecomProject.Telecom" name="addNewUser" time="3.308"/>
  <system-out/>
  <testcase classname="telecomProject.Telecom" name="getUserProfile" time="1.436"/>
  <system-out/>
  <testcase classname="telecomProject.Telecom" name="updateUser" time="1.424"/>
  <system-out/>
  <testcase classname="telecomProject.Telecom" name="loginUser" time="1.648"/>
  <system-out/>
  <testcase classname="telecomProject.Telecom" name="addContact" time="1.601"/>
  <system-out/>
  <testcase classname="telecomProject.Telecom" name="getContactList" time="1.354"/>
  <system-out/>
  <testcase classname="telecomProject.Telecom" name="getContact" time="1.395"/>
  <system-out/>
  <testcase classname="telecomProject.Telecom" name="updateContact" time="1.427"/>
  <system-out/>
  <testcase classname="telecomProject.Telecom" name="updateContactPartial" time="1.391"/>
  <system-out/>
  <testcase classname="telecomProject.Telecom" name="logoutUser" time="1.380"/>
  <system-out/>
</testsuite> <!-- telecomProject.Telecom -->
