<?xml version="1.0" encoding="UTF-8"?>
<!-- Generated by org.testng.reporters.JUnitReportReporter -->
<testsuite hostname="Ved" failures="0" tests="10" name="telecomProject.Telecom" time="17.946" errors="0" timestamp="2025-03-06T13:55:28 IST" skipped="0">
  <testcase classname="telecomProject.Telecom" name="addNewUser" time="3.730"/>
  <system-out/>
  <testcase classname="telecomProject.Telecom" name="getUserProfile" time="1.405"/>
  <system-out/>
  <testcase classname="telecomProject.Telecom" name="updateUser" time="1.492"/>
  <system-out/>
  <testcase classname="telecomProject.Telecom" name="loginUser" time="1.684"/>
  <system-out/>
  <testcase classname="telecomProject.Telecom" name="addContact" time="1.395"/>
  <system-out/>
  <testcase classname="telecomProject.Telecom" name="getContactList" time="1.390"/>
  <system-out/>
  <testcase classname="telecomProject.Telecom" name="getContact" time="1.410"/>
  <system-out/>
  <testcase classname="telecomProject.Telecom" name="updateContact" time="2.611"/>
  <system-out/>
  <testcase classname="telecomProject.Telecom" name="updateContactPartial" time="1.376"/>
  <system-out/>
  <testcase classname="telecomProject.Telecom" name="logoutUser" time="1.453"/>
  <system-out/>
</testsuite> <!-- telecomProject.Telecom -->
